<?xml version="1.0" encoding="UTF-8"?>
<!-- Generated by org.testng.reporters.JUnitXMLReporter -->
<testsuite ignored="0" hostname="dvtcsdevp-001" failures="1" tests="1" name="Test" time="14.706" errors="0" timestamp="2023-11-15T09:48:40 IST">
  <testcase classname="testscripts.scenario1.TC_Fusion_ERP_AP_01_01" name="runTC4" time="14.568">
    <failure type="java.lang.AssertionError" message="Keyword createInvoice not found within any class inside the businesscomponents package">
      <![CDATA[java.lang.AssertionError: Keyword createInvoice not found within any class inside the businesscomponents package
at supportlibraries.DriverScript.wrapUp(DriverScript.java:566)
at supportlibraries.DriverScript.driveTestExecution(DriverScript.java:104)
at testscripts.scenario1.TC_Fusion_ERP_AP_01_01.runTC4(TC_Fusion_ERP_AP_01_01.java:26)
at java.base/java.util.concurrent.ThreadPoolExecutor.runWorker(ThreadPoolExecutor.java:1136)
at java.base/java.util.concurrent.ThreadPoolExecutor$Worker.run(ThreadPoolExecutor.java:635)
at java.base/java.lang.Thread.run(Thread.java:842)
... Removed 13 stack frames]]>
    </failure>
  </testcase> <!-- runTC4 -->
</testsuite> <!-- Test -->
